<?xml version="1.0" encoding="UTF-8"?>
<testsuite name="Api_Test" tests="15" skipped="0" failures="0" errors="0" timestamp="2020-09-01T22:15:34" hostname="CLAP1909-1466" time="23.504">
  <properties/>
  <testcase name="t01_get_token_fail" classname="Api_Test" time="8.345"/>
  <testcase name="t02_get_token_correct" classname="Api_Test" time="1.022"/>
  <testcase name="t03_create_user_fail" classname="Api_Test" time="0.377"/>
  <testcase name="t04_create_user" classname="Api_Test" time="1.243"/>
  <testcase name="t05_update_phone_number" classname="Api_Test" time="0.921"/>
  <testcase name="t06_add_new_add_fail" classname="Api_Test" time="0.276"/>
  <testcase name="t07_add_new_add" classname="Api_Test" time="3.663"/>
  <testcase name="t08_update_add" classname="Api_Test" time="4.493"/>
  <testcase name="t09_get_address_fail" classname="Api_Test" time="0.403"/>
  <testcase name="t10_user_has_no_address" classname="Api_Test" time="0.538"/>
  <testcase name="t11_update_user_address" classname="Api_Test" time="0.392"/>
  <testcase name="t12_update_user_address_duplicated" classname="Api_Test" time="0.467"/>
  <testcase name="t13_get_created_address" classname="Api_Test" time="0.321"/>
  <testcase name="t14_shop_not_found" classname="Api_Test" time="0.417"/>
  <testcase name="t15_delete_ad" classname="Api_Test" time="0.623"/>
  <system-out><![CDATA[Request method:	POST
Request URI:	https://webapi.segundamano.mx/nga/api/v1.1/private/accounts
Proxy:			<none>
Request params:	<none>
Query params:	<none>
Form params:	<none>
Path params:	<none>
Headers:		Accept=*/*
				Content-Type=application/x-www-form-urlencoded; charset=ISO-8859-1
Cookies:		<none>
Multiparts:		<none>
Body:			<none>
Status expected: 400
Result: 400
Error Code expected: VALIDATION FAILED 
Result: VALIDATION_FAILED
Request method:	POST
Request URI:	https://webapi.segundamano.mx/nga/api/v1.1/private/accounts
Proxy:			<none>
Request params:	<none>
Query params:	<none>
Form params:	<none>
Path params:	<none>
Headers:		Authorization=Basic cGFwaXRhc2xleXM5MUBnbWFpbC5jb206Y29udHJhMTIz
				Accept=*/*
				Content-Type=application/x-www-form-urlencoded; charset=ISO-8859-1
Cookies:		<none>
Multiparts:		<none>
Body:			<none>
Status expected: 200
Result: 200
Request method:	POST
Request URI:	https://webapi.segundamano.mx/nga/api/v1.1/private/accounts
Proxy:			<none>
Request params:	<none>
Query params:	<none>
Form params:	<none>
Path params:	<none>
Headers:		Accept=*/*
				Content-Type=application/json; charset=UTF-8
Cookies:		<none>
Multiparts:		<none>
Body:
{
    "account": {
        "email": "agente7138.0@mailinator.com"
    }
}
Status expected: 400
Result: 400
VALIDATION_FAILED
Request method:	POST
Request URI:	https://webapi.segundamano.mx/nga/api/v1.1/private/accounts
Proxy:			<none>
Request params:	<none>
Query params:	<none>
Form params:	<none>
Path params:	<none>
Headers:		Authorization=Basic bWVnYV8xMjg3MzI3NS4wQGhvdG1haWwuY29tOjIwNTYwLjA=
				Accept=*/*
				Content-Type=application/json; charset=UTF-8
Cookies:		<none>
Multiparts:		<none>
Body:
{
    "account": {
        "email": "mega_12873275.0@hotmail.com"
    }
}
Status expected: 401
Result: 401
Request method:	PATCH
Request URI:	https://webapi.segundamano.mx/nga/api/v1.1/private/accounts/10805965
Proxy:			<none>
Request params:	<none>
Query params:	<none>
Form params:	<none>
Path params:	<none>
Headers:		Authorization=tag:scmcoord.com,2013:api mc1x12a2affc1748b0646b7fd8428b424bc103ea479a_v2
				Accept=application/json, text/plain, */*
				Content-Type=application/json; charset=UTF-8
Cookies:		<none>
Multiparts:		<none>
Body:
{
    "account": {
        "name": "Angeliux",
        "phone": "1089875212",
        "phone_hidden": true
    }
}
Status expected: 200
Result: 200
Request method:	POST
Request URI:	https://webapi.segundamano.mx/nga/api/v1/private/accounts/10805965/klfst
Proxy:			<none>
Request params:	<none>
Query params:	<none>
Form params:	<none>
Path params:	<none>
Headers:		Authorization=tag:scmcoord.com,2013:api null
				x-nga-source=PHOENIX_DESKTOP
				Accept=*/*
				Content-Type=application/json; charset=UTF-8
Cookies:		<none>
Multiparts:		<none>
Body:
{
    "ad": {
        "locations": [
            {
                "code": "5",
                "key": "region",
                "label": "Baja California Sur",
                "locations": [
                    {
                        "code": "51",
                        "key": "municipality",
                        "label": "ComondÃº",
                        "locations": [
                            {
                                "code": "3748",
                                "key": "area",
                                "label": "4 de Marzo"
                            }
                        ]
                    }
                ]
            }
        ],
        "subject": "Paseo perros a domicilio",
        "body": "Para su comodidad, paseo perros en su domicilio, use la promociÃ³n 1.0342100624167997E9",
        "category": {
            "code": "3042"
        },
        "images": [
            
        ],
        "price": {
            "currency": "mxn",
            "price_value": 1
        },
        "ad_details": {
            
        },
        "phone_hidden": 1,
        "plate": "",
        "vin": "",
        "type": {
            "code": "s",
            "label": ""
        },
        "ad": "Paseo perros a domicilio"
    },
    "category_suggestion": false,
    "commit": true
}
Status expected: 401
Result: 401
Error Code expected: UNAUTHORIZED 
Result: UNAUTHORIZED
Request method:	POST
Request URI:	https://webapi.segundamano.mx/nga/api/v1/private/accounts/10805965/klfst
Proxy:			<none>
Request params:	<none>
Query params:	<none>
Form params:	<none>
Path params:	<none>
Headers:		Authorization=tag:scmcoord.com,2013:api mc1x12a2affc1748b0646b7fd8428b424bc103ea479a_v2
				x-nga-source=PHOENIX_DESKTOP
				Accept=*/*
				Content-Type=application/json; charset=UTF-8
Cookies:		<none>
Multiparts:		<none>
Body:
{
    "ad": {
        "locations": [
            {
                "code": "5",
                "key": "region",
                "label": "Baja California Sur",
                "locations": [
                    {
                        "code": "51",
                        "key": "municipality",
                        "label": "ComondÃº",
                        "locations": [
                            {
                                "code": "3748",
                                "key": "area",
                                "label": "4 de Marzo"
                            }
                        ]
                    }
                ]
            }
        ],
        "subject": "Paseo perros a domicilio",
        "body": "Para su comodidad, paseo perros en su domicilio, use la promociÃ³n 1.099801329261925E9",
        "category": {
            "code": "3042"
        },
        "images": [
            
        ],
        "price": {
            "currency": "mxn",
            "price_value": 1
        },
        "ad_details": {
            
        },
        "phone_hidden": 1,
        "plate": "",
        "vin": "",
        "type": {
            "code": "s",
            "label": ""
        },
        "ad": "Paseo perros a domicilio"
    },
    "category_suggestion": false,
    "commit": true
}
Body: {"action":{"action_id":"/private/accounts/10805965/ads/68446159/actions/1","action_type":"new"},"ad":{"ad_id":"/private/accounts/10805965/ads/68446159","subject":"Paseo perros a domicilio"}}
Status expected: 201
Result: 201
Action expected to be: new 
Result: new
Ad Created with id: 68446159
Request method:	POST
Request URI:	https://webapi.segundamano.mx/nga/api/v1/private/accounts/10805965/klfst/68446159/actions
Proxy:			<none>
Request params:	<none>
Query params:	<none>
Form params:	<none>
Path params:	<none>
Headers:		Authorization=tag:scmcoord.com,2013:api mc1x12a2affc1748b0646b7fd8428b424bc103ea479a_v2
				x-nga-source=PHOENIX_DESKTOP
				Accept=*/*
				Content-Type=application/json; charset=UTF-8
Cookies:		<none>
Multiparts:		<none>
Body:
{
    "ad": {
        "locations": [
            {
                "code": "5",
                "key": "region",
                "label": "Baja California Sur",
                "locations": [
                    {
                        "code": "51",
                        "key": "municipality",
                        "label": "ComondÃº",
                        "locations": [
                            {
                                "code": "3748",
                                "key": "area",
                                "label": "4 de Marzo"
                            }
                        ]
                    }
                ]
            }
        ],
        "subject": "Paseo perros a domicilio",
        "body": "Para su comodidad, paseo perros en su domicilio, use la promociÃ³n 1.0089130543374349E9",
        "category": {
            "code": "3042"
        },
        "images": [
            
        ],
        "price": {
            "currency": "mxn",
            "price_value": 1
        },
        "ad_details": {
            
        },
        "phone_hidden": 1,
        "plate": "",
        "vin": "",
        "type": {
            "code": "s",
            "label": ""
        },
        "ad": "Paseo perros a domicilio"
    },
    "category_suggestion": false,
    "commit": true
}
Status expected: 201
Result: 201
Action expected to be: edit 
Result: edit
Request method:	GET
Request URI:	https://webapi.segundamano.mx/addresses/v1/get
Proxy:			<none>
Request params:	<none>
Query params:	<none>
Form params:	<none>
Path params:	<none>
Headers:		Authorization=Basic mc1x12a2affc1748b0646b7fd8428b424bc103ea479a_v2
				Accept=*/*
Cookies:		<none>
Multiparts:		<none>
Body:			<none>
Status expected: 403
Result: 403
Error Code expected: Authorization failed 
Result: Authorization failed
Request method:	GET
Request URI:	https://webapi.segundamano.mx/addresses/v1/get
Proxy:			<none>
Request params:	<none>
Query params:	<none>
Form params:	<none>
Path params:	<none>
Headers:		Authorization=Basic YzhiNDUxYTUtOWQ3Yy00ZjBkLWE2MmUtOTdhYjJlZDRhZGFmOm1jMXgxMmEyYWZmYzE3NDhiMDY0NmI3ZmQ4NDI4YjQyNGJjMTAzZWE0NzlhX3Yy
				Accept=*/*
Cookies:		<none>
Multiparts:		<none>
Body:			<none>
Status expected: 200
Result: 200
Request method:	POST
Request URI:	https://webapi.segundamano.mx/addresses/v1/create
Proxy:			<none>
Request params:	<none>
Query params:	<none>
Form params:	contact=Casa grande
				phone=3234445555
				rfc=CASA681225XXX
				zipCode=45050
				exteriorInfo=exterior 10
				region=5
				municipality=51
				alias=big house
Path params:	<none>
Headers:		Authorization=Basic YzhiNDUxYTUtOWQ3Yy00ZjBkLWE2MmUtOTdhYjJlZDRhZGFmOm1jMXgxMmEyYWZmYzE3NDhiMDY0NmI3ZmQ4NDI4YjQyNGJjMTAzZWE0NzlhX3Yy
				Accept=*/*
				Content-Type=application/x-www-form-urlencoded; charset=UTF-8
Cookies:		<none>
Multiparts:		<none>
Body:			<none>
Body addres: {"addressID":"5441448e-eca0-11ea-8f3c-ebb93518a6f5"}
Status expected: 201
Result: 201
Address created with ID: 5441448e-eca0-11ea-8f3c-ebb93518a6f5
Request method:	POST
Request URI:	https://webapi.segundamano.mx/addresses/v1/create
Proxy:			<none>
Request params:	<none>
Query params:	<none>
Form params:	contact=Casa grande
				phone=3234445555
				rfc=CASA681225XXX
				zipCode=45050
				exteriorInfo=exterior 10
				region=5
				municipality=51
				alias=big house
Path params:	<none>
Headers:		Authorization=Basic YzhiNDUxYTUtOWQ3Yy00ZjBkLWE2MmUtOTdhYjJlZDRhZGFmOm1jMXgxMmEyYWZmYzE3NDhiMDY0NmI3ZmQ4NDI4YjQyNGJjMTAzZWE0NzlhX3Yy
				Accept=*/*
				Content-Type=application/x-www-form-urlencoded; charset=UTF-8
Cookies:		<none>
Multiparts:		<none>
Body:			<none>
Status expected: 201
Result: 201
Request method:	GET
Request URI:	https://webapi.segundamano.mx/addresses/v1/get
Proxy:			<none>
Request params:	<none>
Query params:	<none>
Form params:	<none>
Path params:	<none>
Headers:		Authorization=Basic YzhiNDUxYTUtOWQ3Yy00ZjBkLWE2MmUtOTdhYjJlZDRhZGFmOm1jMXgxMmEyYWZmYzE3NDhiMDY0NmI3ZmQ4NDI4YjQyNGJjMTAzZWE0NzlhX3Yy
				Accept=*/*
Cookies:		<none>
Multiparts:		<none>
Body:			<none>
Status expected: 200
Result: 200
Request expected to contain addressID: [b2b56134-df18-11ea-9d42-8316c662b4d3:[exteriorInfo:Insurgentes, interiorInfo:1, region:8, municipality:110, area:38016, alias:Casa, contact:Vendedor 2, phone:5577365957, zipCode:56700], e8788a16-df19-11ea-b3d9-e3fd3fec381f:[exteriorInfo:Lop%C3%A9z%20Mateos%204213, interiorInfo:1, region:10, municipality:224, area:5666, alias:Mi%20direccion, contact:Vendedor 20, phone:5553768723, zipCode:76543], 4be3dfe2-df1a-11ea-b3d9-f3292257b2d7:[exteriorInfo:Lopez Mateos 204213, interiorInfo:1, region:10, municipality:224, area:5666, alias:Mi casa, contact:Vendedor 20, phone:5553768723, zipCode:76543], f52c782c-e0d5-11ea-8f3c-cbe4630b336b:[exteriorInfo:Lopez Mateos 204213, interiorInfo:1, region:10, municipality:224, area:5666, alias:Mi casa, contact:Vendedor 20, phone:5553768723, zipCode:76543], 037f0ad6-e0de-11ea-8f3c-47386ce6fe18:[exteriorInfo:Lopez Mateos 204213, interiorInfo:1, region:10, municipality:224, area:5666, alias:Mi casa, contact:Vendedor 20, phone:5553768723, zipCode:76543], 6162aaf4-e16f-11ea-9315-0b53a0158f23:[exteriorInfo:Lopez Mateos 204213, interiorInfo:1, region:10, municipality:224, area:5666, alias:Mi casa, contact:Vendedor 20, phone:5553768723, zipCode:76543], 715d93ce-e16f-11ea-9315-33a6c84ee984:[exteriorInfo:Lopez Mateos 204213, interiorInfo:1, region:10, municipality:224, area:5666, alias:Mi casa, contact:Vendedor 20, phone:5553768723, zipCode:76543], 86315dde-e170-11ea-b3d9-c7898a34edba:[exteriorInfo:Lopez Mateos 204213, interiorInfo:1, region:10, municipality:224, area:5666, alias:Mi casa, contact:Vendedor 20, phone:5553768723, zipCode:76543], e7ec510e-e30b-11ea-8f3c-636d643e6335:[exteriorInfo:Lopez Mateos 204213, interiorInfo:1, region:10, municipality:224, area:5666, alias:Mi casa, contact:Vendedor 20, phone:5553768723, zipCode:76543], 3bb86f1c-e3d8-11ea-9315-334dbff9d181:[exteriorInfo:Lopez Mateos 204213, interiorInfo:1, region:10, municipality:224, area:5666, alias:Mi casa, contact:Vendedor 20, phone:5553768723, zipCode:76543], 17b80106-eaed-11ea-b029-5f0faa74e8a0:[exteriorInfo:Lopez Mateos 204213, interiorInfo:1, region:10, municipality:224, area:5666, alias:Mi casa, contact:Vendedor 20, phone:5553768723, zipCode:76543], 95d27632-ec93-11ea-8f3c-3f754ae52bdf:[exteriorInfo:Lopez Mateos 204213, interiorInfo:1, region:10, municipality:224, area:5666, alias:Mi casa, contact:Vendedor 20, phone:5553768723, zipCode:76543], b8d925ea-ec93-11ea-8f3c-77a4536424f6:[exteriorInfo:Lopez Mateos 204213, interiorInfo:1, region:10, municipality:224, area:5666, alias:Mi casa, contact:Vendedor 20, phone:5553768723, zipCode:76543], 2176aee6-ec95-11ea-b3d9-0b1d308d92ca:[exteriorInfo:exterior 10, interiorInfo:, region:5, municipality:51, area:0, alias:big house, contact:Casa grande, phone:3234445555, zipCode:45050], 21ba1988-ec95-11ea-b3d9-ffbe5aed51f6:[exteriorInfo:exterior 10, interiorInfo:, region:5, municipality:51, area:0, alias:big house, contact:Casa grande, phone:3234445555, zipCode:45050], 9d63ca84-ec95-11ea-9315-6371c64b9847:[exteriorInfo:exterior 10, interiorInfo:, region:5, municipality:51, area:0, alias:big house, contact:Casa grande, phone:3234445555, zipCode:45050], 9da32a94-ec95-11ea-b3d9-c36b27e4b23a:[exteriorInfo:exterior 10, interiorInfo:, region:5, municipality:51, area:0, alias:big house, contact:Casa grande, phone:3234445555, zipCode:45050], 036eb384-ec96-11ea-b3d9-3f847a6edfc1:[exteriorInfo:exterior 10, interiorInfo:, region:5, municipality:51, area:0, alias:big house, contact:Casa grande, phone:3234445555, zipCode:45050], 4c005eda-ec97-11ea-b029-5fc944de4220:[exteriorInfo:exterior 10, interiorInfo:, region:5, municipality:51, area:0, alias:big house, contact:Casa grande, phone:3234445555, zipCode:45050], aba45c1e-ec98-11ea-8f3c-7bd0216744cb:[exteriorInfo:Lopez Mateos 204213, interiorInfo:1, region:10, municipality:224, area:5666, alias:Mi casa, contact:Vendedor 20, phone:5553768723, zipCode:76543], c63e7f6e-ec98-11ea-b3d9-53cc6d1d0463:[exteriorInfo:exterior 10, interiorInfo:, region:5, municipality:51, area:0, alias:big house, contact:Casa grande, phone:3234445555, zipCode:45050], c687087e-ec98-11ea-b029-7b0dc88a37d3:[exteriorInfo:exterior 10, interiorInfo:, region:5, municipality:51, area:0, alias:big house, contact:Casa grande, phone:3234445555, zipCode:45050], efcca9be-ec98-11ea-b029-0741c50e0263:[exteriorInfo:exterior 10, interiorInfo:, region:5, municipality:51, area:0, alias:big house, contact:Casa grande, phone:3234445555, zipCode:45050], f026b3d2-ec98-11ea-b3d9-739ef65b899c:[exteriorInfo:exterior 10, interiorInfo:, region:5, municipality:51, area:0, alias:big house, contact:Casa grande, phone:3234445555, zipCode:45050], 10d1f1dc-ec99-11ea-8f3c-33a885445ceb:[exteriorInfo:exterior 10, interiorInfo:, region:5, municipality:51, area:0, alias:big house, contact:Casa grande, phone:3234445555, zipCode:45050], 110cb3ee-ec99-11ea-9315-c3519b1ad5dc:[exteriorInfo:exterior 10, interiorInfo:, region:5, municipality:51, area:0, alias:big house, contact:Casa grande, phone:3234445555, zipCode:45050], c844e32e-ec9e-11ea-b3d9-7f97f0745b72:[exteriorInfo:exterior 10, interiorInfo:, region:5, municipality:51, area:0, alias:big house, contact:Casa grande, phone:3234445555, zipCode:45050], c894984c-ec9e-11ea-b029-23700c25d631:[exteriorInfo:exterior 10, interiorInfo:, region:5, municipality:51, area:0, alias:big house, contact:Casa grande, phone:3234445555, zipCode:45050], 5441448e-eca0-11ea-8f3c-ebb93518a6f5:[exteriorInfo:exterior 10, interiorInfo:, region:5, municipality:51, area:0, alias:big house, contact:Casa grande, phone:3234445555, zipCode:45050], 548de8e8-eca0-11ea-b3d9-abb9390e0228:[exteriorInfo:exterior 10, interiorInfo:, region:5, municipality:51, area:0, alias:big house, contact:Casa grande, phone:3234445555, zipCode:45050]]
Request method:	GET
Request URI:	https://webapi.segundamano.mx/shops/api/v2/public/accounts/10613126/shop
Proxy:			<none>
Request params:	<none>
Query params:	<none>
Form params:	<none>
Path params:	<none>
Headers:		Accept=*/*
Cookies:		<none>
Multiparts:		<none>
Body:			<none>
Status expected: 404
Result: 404
Error Code expected: Account not found 
Result: Account not found
Request method:	DELETE
Request URI:	https://webapi.segundamano.mx/nga/api/v1/private/accounts/10805965/klfst/68446159
Proxy:			<none>
Request params:	<none>
Query params:	<none>
Form params:	<none>
Path params:	<none>
Headers:		Authorization=tag:scmcoord.com,2013:api mc1x12a2affc1748b0646b7fd8428b424bc103ea479a_v2
				x-nga-source=PHOENIX_DESKTOP
				Accept=*/*
				Content-Type=application/json; charset=UTF-8
Cookies:		<none>
Multiparts:		<none>
Body:
{
    "delete_reason": {
        "code": "5"
    }
}
Status expected: 403
Result: 403
Action expected to be: null 
Result: null
]]></system-out>
  <system-err><![CDATA[SLF4J: Failed to load class "org.slf4j.impl.StaticLoggerBinder".
SLF4J: Defaulting to no-operation (NOP) logger implementation
SLF4J: See http://www.slf4j.org/codes.html#StaticLoggerBinder for further details.
]]></system-err>
</testsuite>
